[ 50%] Built target node_01
[100%] Built target node_oop_01
-- Install configuration: ""
-- Up-to-date: /home/tian/ROS_ws/install/demo1_cpp/share/ament_index/resource_index/package_run_dependencies/demo1_cpp
-- Up-to-date: /home/tian/ROS_ws/install/demo1_cpp/share/ament_index/resource_index/parent_prefix_path/demo1_cpp
-- Up-to-date: /home/tian/ROS_ws/install/demo1_cpp/share/demo1_cpp/environment/ament_prefix_path.sh
-- Up-to-date: /home/tian/ROS_ws/install/demo1_cpp/share/demo1_cpp/environment/ament_prefix_path.dsv
-- Up-to-date: /home/tian/ROS_ws/install/demo1_cpp/share/demo1_cpp/environment/path.sh
-- Up-to-date: /home/tian/ROS_ws/install/demo1_cpp/share/demo1_cpp/environment/path.dsv
-- Up-to-date: /home/tian/ROS_ws/install/demo1_cpp/share/demo1_cpp/local_setup.bash
-- Up-to-date: /home/tian/ROS_ws/install/demo1_cpp/share/demo1_cpp/local_setup.sh
-- Up-to-date: /home/tian/ROS_ws/install/demo1_cpp/share/demo1_cpp/local_setup.zsh
-- Up-to-date: /home/tian/ROS_ws/install/demo1_cpp/share/demo1_cpp/local_setup.dsv
-- Installing: /home/tian/ROS_ws/install/demo1_cpp/share/demo1_cpp/package.dsv
-- Up-to-date: /home/tian/ROS_ws/install/demo1_cpp/share/ament_index/resource_index/packages/demo1_cpp
-- Up-to-date: /home/tian/ROS_ws/install/demo1_cpp/share/demo1_cpp/cmake/demo1_cppConfig.cmake
-- Up-to-date: /home/tian/ROS_ws/install/demo1_cpp/share/demo1_cpp/cmake/demo1_cppConfig-version.cmake
-- Up-to-date: /home/tian/ROS_ws/install/demo1_cpp/share/demo1_cpp/package.xml
-- Up-to-date: /home/tian/ROS_ws/install/demo1_cpp/lib/demo1_cpp/node_01
-- Up-to-date: /home/tian/ROS_ws/install/demo1_cpp/lib/demo1_cpp/node_oop_01
