[0.107s] DEBUG:colcon:Command line arguments: ['/usr/bin/colcon', 'build']
[0.107s] DEBUG:colcon:Parsed command line arguments: Namespace(log_base=None, log_level=None, verb_name='build', build_base='build', install_base='install', merge_install=False, symlink_install=False, test_result_base=None, continue_on_error=False, executor='parallel', parallel_workers=16, event_handlers=None, ignore_user_meta=False, metas=['./colcon.meta'], base_paths=['.'], packages_ignore=None, packages_ignore_regex=None, paths=None, packages_up_to=None, packages_up_to_regex=None, packages_above=None, packages_above_and_dependencies=None, packages_above_depth=None, packages_select_by_dep=None, packages_skip_by_dep=None, packages_skip_up_to=None, packages_select_build_failed=False, packages_skip_build_finished=False, packages_select_test_failures=False, packages_skip_test_passed=False, packages_select=None, packages_skip=None, packages_select_regex=None, packages_skip_regex=None, packages_start=None, packages_end=None, allow_overriding=[], cmake_args=None, cmake_target=None, cmake_target_skip_unavailable=False, cmake_clean_cache=False, cmake_clean_first=False, cmake_force_configure=False, ament_cmake_args=None, catkin_cmake_args=None, catkin_skip_building_tests=False, verb_parser=<colcon_defaults.argument_parser.defaults.DefaultArgumentsDecorator object at 0x73e98f8718b0>, verb_extension=<colcon_core.verb.build.BuildVerb object at 0x73e98f9f3620>, main=<bound method BuildVerb.main of <colcon_core.verb.build.BuildVerb object at 0x73e98f9f3620>>)
[0.145s] Level 1:colcon.colcon_core.package_discovery:discover_packages(colcon_meta) check parameters
[0.145s] Level 1:colcon.colcon_core.package_discovery:discover_packages(recursive) check parameters
[0.145s] Level 1:colcon.colcon_core.package_discovery:discover_packages(ignore) check parameters
[0.145s] Level 1:colcon.colcon_core.package_discovery:discover_packages(path) check parameters
[0.145s] Level 1:colcon.colcon_core.package_discovery:discover_packages(colcon_meta) discover
[0.145s] Level 1:colcon.colcon_core.package_discovery:discover_packages(recursive) discover
[0.145s] INFO:colcon.colcon_core.package_discovery:Crawling recursively for packages in '/home/tian/ROS_ws'
[0.145s] Level 1:colcon.colcon_core.package_identification:_identify(.) by extensions ['ignore', 'ignore_ament_install']
[0.145s] Level 1:colcon.colcon_core.package_identification:_identify(.) by extension 'ignore'
[0.145s] Level 1:colcon.colcon_core.package_identification:_identify(.) by extension 'ignore_ament_install'
[0.145s] Level 1:colcon.colcon_core.package_identification:_identify(.) by extensions ['colcon_pkg']
[0.145s] Level 1:colcon.colcon_core.package_identification:_identify(.) by extension 'colcon_pkg'
[0.145s] Level 1:colcon.colcon_core.package_identification:_identify(.) by extensions ['colcon_meta']
[0.145s] Level 1:colcon.colcon_core.package_identification:_identify(.) by extension 'colcon_meta'
[0.145s] Level 1:colcon.colcon_core.package_identification:_identify(.) by extensions ['ros']
[0.145s] Level 1:colcon.colcon_core.package_identification:_identify(.) by extension 'ros'
[0.165s] Level 1:colcon.colcon_core.package_identification:_identify(.) by extensions ['cmake', 'python']
[0.165s] Level 1:colcon.colcon_core.package_identification:_identify(.) by extension 'cmake'
[0.165s] Level 1:colcon.colcon_core.package_identification:_identify(.) by extension 'python'
[0.165s] Level 1:colcon.colcon_core.package_identification:_identify(.) by extensions ['python_setup_py']
[0.165s] Level 1:colcon.colcon_core.package_identification:_identify(.) by extension 'python_setup_py'
[0.165s] Level 1:colcon.colcon_core.package_identification:_identify(build) by extensions ['ignore', 'ignore_ament_install']
[0.165s] Level 1:colcon.colcon_core.package_identification:_identify(build) by extension 'ignore'
[0.165s] Level 1:colcon.colcon_core.package_identification:_identify(build) ignored
[0.165s] Level 1:colcon.colcon_core.package_identification:_identify(install) by extensions ['ignore', 'ignore_ament_install']
[0.165s] Level 1:colcon.colcon_core.package_identification:_identify(install) by extension 'ignore'
[0.165s] Level 1:colcon.colcon_core.package_identification:_identify(install) ignored
[0.165s] Level 1:colcon.colcon_core.package_identification:_identify(log) by extensions ['ignore', 'ignore_ament_install']
[0.165s] Level 1:colcon.colcon_core.package_identification:_identify(log) by extension 'ignore'
[0.165s] Level 1:colcon.colcon_core.package_identification:_identify(log) ignored
[0.165s] Level 1:colcon.colcon_core.package_identification:_identify(ros2_basis) by extensions ['ignore', 'ignore_ament_install']
[0.166s] Level 1:colcon.colcon_core.package_identification:_identify(ros2_basis) by extension 'ignore'
[0.166s] Level 1:colcon.colcon_core.package_identification:_identify(ros2_basis) by extension 'ignore_ament_install'
[0.166s] Level 1:colcon.colcon_core.package_identification:_identify(ros2_basis) by extensions ['colcon_pkg']
[0.166s] Level 1:colcon.colcon_core.package_identification:_identify(ros2_basis) by extension 'colcon_pkg'
[0.166s] Level 1:colcon.colcon_core.package_identification:_identify(ros2_basis) by extensions ['colcon_meta']
[0.166s] Level 1:colcon.colcon_core.package_identification:_identify(ros2_basis) by extension 'colcon_meta'
[0.166s] Level 1:colcon.colcon_core.package_identification:_identify(ros2_basis) by extensions ['ros']
[0.166s] Level 1:colcon.colcon_core.package_identification:_identify(ros2_basis) by extension 'ros'
[0.166s] Level 1:colcon.colcon_core.package_identification:_identify(ros2_basis) by extensions ['cmake', 'python']
[0.166s] Level 1:colcon.colcon_core.package_identification:_identify(ros2_basis) by extension 'cmake'
[0.172s] Level 1:colcon.colcon_core.package_identification:_identify(ros2_basis) by extension 'python'
[0.172s] DEBUG:colcon.colcon_core.package_identification:Package 'ros2_basis' with type 'cmake' and name 'ros2_basis'
[0.172s] Level 1:colcon.colcon_core.package_identification:_identify(src) by extensions ['ignore', 'ignore_ament_install']
[0.172s] Level 1:colcon.colcon_core.package_identification:_identify(src) by extension 'ignore'
[0.172s] Level 1:colcon.colcon_core.package_identification:_identify(src) by extension 'ignore_ament_install'
[0.172s] Level 1:colcon.colcon_core.package_identification:_identify(src) by extensions ['colcon_pkg']
[0.172s] Level 1:colcon.colcon_core.package_identification:_identify(src) by extension 'colcon_pkg'
[0.172s] Level 1:colcon.colcon_core.package_identification:_identify(src) by extensions ['colcon_meta']
[0.172s] Level 1:colcon.colcon_core.package_identification:_identify(src) by extension 'colcon_meta'
[0.172s] Level 1:colcon.colcon_core.package_identification:_identify(src) by extensions ['ros']
[0.172s] Level 1:colcon.colcon_core.package_identification:_identify(src) by extension 'ros'
[0.172s] Level 1:colcon.colcon_core.package_identification:_identify(src) by extensions ['cmake', 'python']
[0.172s] Level 1:colcon.colcon_core.package_identification:_identify(src) by extension 'cmake'
[0.172s] Level 1:colcon.colcon_core.package_identification:_identify(src) by extension 'python'
[0.172s] Level 1:colcon.colcon_core.package_identification:_identify(src) by extensions ['python_setup_py']
[0.172s] Level 1:colcon.colcon_core.package_identification:_identify(src) by extension 'python_setup_py'
[0.172s] Level 1:colcon.colcon_core.package_identification:_identify(src/demo1_cpp) by extensions ['ignore', 'ignore_ament_install']
[0.172s] Level 1:colcon.colcon_core.package_identification:_identify(src/demo1_cpp) by extension 'ignore'
[0.172s] Level 1:colcon.colcon_core.package_identification:_identify(src/demo1_cpp) by extension 'ignore_ament_install'
[0.172s] Level 1:colcon.colcon_core.package_identification:_identify(src/demo1_cpp) by extensions ['colcon_pkg']
[0.172s] Level 1:colcon.colcon_core.package_identification:_identify(src/demo1_cpp) by extension 'colcon_pkg'
[0.172s] Level 1:colcon.colcon_core.package_identification:_identify(src/demo1_cpp) by extensions ['colcon_meta']
[0.172s] Level 1:colcon.colcon_core.package_identification:_identify(src/demo1_cpp) by extension 'colcon_meta'
[0.172s] Level 1:colcon.colcon_core.package_identification:_identify(src/demo1_cpp) by extensions ['ros']
[0.172s] Level 1:colcon.colcon_core.package_identification:_identify(src/demo1_cpp) by extension 'ros'
[0.175s] DEBUG:colcon.colcon_core.package_identification:Package 'src/demo1_cpp' with type 'ros.ament_cmake' and name 'demo1_cpp'
[0.175s] Level 1:colcon.colcon_core.package_identification:_identify(src/topic_cpp) by extensions ['ignore', 'ignore_ament_install']
[0.175s] Level 1:colcon.colcon_core.package_identification:_identify(src/topic_cpp) by extension 'ignore'
[0.175s] Level 1:colcon.colcon_core.package_identification:_identify(src/topic_cpp) by extension 'ignore_ament_install'
[0.175s] Level 1:colcon.colcon_core.package_identification:_identify(src/topic_cpp) by extensions ['colcon_pkg']
[0.175s] Level 1:colcon.colcon_core.package_identification:_identify(src/topic_cpp) by extension 'colcon_pkg'
[0.175s] Level 1:colcon.colcon_core.package_identification:_identify(src/topic_cpp) by extensions ['colcon_meta']
[0.175s] Level 1:colcon.colcon_core.package_identification:_identify(src/topic_cpp) by extension 'colcon_meta'
[0.175s] Level 1:colcon.colcon_core.package_identification:_identify(src/topic_cpp) by extensions ['ros']
[0.175s] Level 1:colcon.colcon_core.package_identification:_identify(src/topic_cpp) by extension 'ros'
[0.175s] DEBUG:colcon.colcon_core.package_identification:Package 'src/topic_cpp' with type 'ros.ament_cmake' and name 'topic_cpp'
[0.175s] Level 1:colcon.colcon_core.package_discovery:discover_packages(recursive) using defaults
[0.175s] Level 1:colcon.colcon_core.package_discovery:discover_packages(ignore) discover
[0.175s] Level 1:colcon.colcon_core.package_discovery:discover_packages(ignore) using defaults
[0.175s] Level 1:colcon.colcon_core.package_discovery:discover_packages(path) discover
[0.175s] Level 1:colcon.colcon_core.package_discovery:discover_packages(path) using defaults
[0.192s] Level 1:colcon.colcon_core.package_discovery:discover_packages(prefix_path) check parameters
[0.192s] Level 1:colcon.colcon_core.package_discovery:discover_packages(prefix_path) discover
[0.194s] DEBUG:colcon.colcon_installed_package_information.package_discovery:Found 285 installed packages in /opt/ros/jazzy
[0.195s] Level 1:colcon.colcon_core.package_discovery:discover_packages(prefix_path) using defaults
[0.218s] Level 5:colcon.colcon_core.verb:set package 'demo1_cpp' build argument 'cmake_args' from command line to 'None'
[0.218s] Level 5:colcon.colcon_core.verb:set package 'demo1_cpp' build argument 'cmake_target' from command line to 'None'
[0.218s] Level 5:colcon.colcon_core.verb:set package 'demo1_cpp' build argument 'cmake_target_skip_unavailable' from command line to 'False'
[0.218s] Level 5:colcon.colcon_core.verb:set package 'demo1_cpp' build argument 'cmake_clean_cache' from command line to 'False'
[0.218s] Level 5:colcon.colcon_core.verb:set package 'demo1_cpp' build argument 'cmake_clean_first' from command line to 'False'
[0.218s] Level 5:colcon.colcon_core.verb:set package 'demo1_cpp' build argument 'cmake_force_configure' from command line to 'False'
[0.218s] Level 5:colcon.colcon_core.verb:set package 'demo1_cpp' build argument 'ament_cmake_args' from command line to 'None'
[0.218s] Level 5:colcon.colcon_core.verb:set package 'demo1_cpp' build argument 'catkin_cmake_args' from command line to 'None'
[0.218s] Level 5:colcon.colcon_core.verb:set package 'demo1_cpp' build argument 'catkin_skip_building_tests' from command line to 'False'
[0.218s] DEBUG:colcon.colcon_core.verb:Building package 'demo1_cpp' with the following arguments: {'ament_cmake_args': None, 'build_base': '/home/tian/ROS_ws/build/demo1_cpp', 'catkin_cmake_args': None, 'catkin_skip_building_tests': False, 'cmake_args': None, 'cmake_clean_cache': False, 'cmake_clean_first': False, 'cmake_force_configure': False, 'cmake_target': None, 'cmake_target_skip_unavailable': False, 'install_base': '/home/tian/ROS_ws/install/demo1_cpp', 'merge_install': False, 'path': '/home/tian/ROS_ws/src/demo1_cpp', 'symlink_install': False, 'test_result_base': None}
[0.219s] Level 5:colcon.colcon_core.verb:set package 'ros2_basis' build argument 'cmake_args' from command line to 'None'
[0.219s] Level 5:colcon.colcon_core.verb:set package 'ros2_basis' build argument 'cmake_target' from command line to 'None'
[0.219s] Level 5:colcon.colcon_core.verb:set package 'ros2_basis' build argument 'cmake_target_skip_unavailable' from command line to 'False'
[0.219s] Level 5:colcon.colcon_core.verb:set package 'ros2_basis' build argument 'cmake_clean_cache' from command line to 'False'
[0.219s] Level 5:colcon.colcon_core.verb:set package 'ros2_basis' build argument 'cmake_clean_first' from command line to 'False'
[0.219s] Level 5:colcon.colcon_core.verb:set package 'ros2_basis' build argument 'cmake_force_configure' from command line to 'False'
[0.219s] Level 5:colcon.colcon_core.verb:set package 'ros2_basis' build argument 'ament_cmake_args' from command line to 'None'
[0.219s] Level 5:colcon.colcon_core.verb:set package 'ros2_basis' build argument 'catkin_cmake_args' from command line to 'None'
[0.219s] Level 5:colcon.colcon_core.verb:set package 'ros2_basis' build argument 'catkin_skip_building_tests' from command line to 'False'
[0.219s] DEBUG:colcon.colcon_core.verb:Building package 'ros2_basis' with the following arguments: {'ament_cmake_args': None, 'build_base': '/home/tian/ROS_ws/build/ros2_basis', 'catkin_cmake_args': None, 'catkin_skip_building_tests': False, 'cmake_args': None, 'cmake_clean_cache': False, 'cmake_clean_first': False, 'cmake_force_configure': False, 'cmake_target': None, 'cmake_target_skip_unavailable': False, 'install_base': '/home/tian/ROS_ws/install/ros2_basis', 'merge_install': False, 'path': '/home/tian/ROS_ws/ros2_basis', 'symlink_install': False, 'test_result_base': None}
[0.219s] Level 5:colcon.colcon_core.verb:set package 'topic_cpp' build argument 'cmake_args' from command line to 'None'
[0.219s] Level 5:colcon.colcon_core.verb:set package 'topic_cpp' build argument 'cmake_target' from command line to 'None'
[0.219s] Level 5:colcon.colcon_core.verb:set package 'topic_cpp' build argument 'cmake_target_skip_unavailable' from command line to 'False'
[0.219s] Level 5:colcon.colcon_core.verb:set package 'topic_cpp' build argument 'cmake_clean_cache' from command line to 'False'
[0.219s] Level 5:colcon.colcon_core.verb:set package 'topic_cpp' build argument 'cmake_clean_first' from command line to 'False'
[0.219s] Level 5:colcon.colcon_core.verb:set package 'topic_cpp' build argument 'cmake_force_configure' from command line to 'False'
[0.219s] Level 5:colcon.colcon_core.verb:set package 'topic_cpp' build argument 'ament_cmake_args' from command line to 'None'
[0.219s] Level 5:colcon.colcon_core.verb:set package 'topic_cpp' build argument 'catkin_cmake_args' from command line to 'None'
[0.219s] Level 5:colcon.colcon_core.verb:set package 'topic_cpp' build argument 'catkin_skip_building_tests' from command line to 'False'
[0.219s] DEBUG:colcon.colcon_core.verb:Building package 'topic_cpp' with the following arguments: {'ament_cmake_args': None, 'build_base': '/home/tian/ROS_ws/build/topic_cpp', 'catkin_cmake_args': None, 'catkin_skip_building_tests': False, 'cmake_args': None, 'cmake_clean_cache': False, 'cmake_clean_first': False, 'cmake_force_configure': False, 'cmake_target': None, 'cmake_target_skip_unavailable': False, 'install_base': '/home/tian/ROS_ws/install/topic_cpp', 'merge_install': False, 'path': '/home/tian/ROS_ws/src/topic_cpp', 'symlink_install': False, 'test_result_base': None}
[0.219s] INFO:colcon.colcon_core.executor:Executing jobs using 'parallel' executor
[0.220s] DEBUG:colcon.colcon_parallel_executor.executor.parallel:run_until_complete
[0.220s] INFO:colcon.colcon_ros.task.ament_cmake.build:Building ROS package in '/home/tian/ROS_ws/src/demo1_cpp' with build type 'ament_cmake'
[0.220s] INFO:colcon.colcon_cmake.task.cmake.build:Building CMake package in '/home/tian/ROS_ws/src/demo1_cpp'
[0.222s] INFO:colcon.colcon_core.plugin_system:Skipping extension 'colcon_core.shell.bat': Not used on non-Windows systems
[0.222s] INFO:colcon.colcon_core.shell:Skip shell extension 'powershell' for command environment: Not usable outside of PowerShell
[0.222s] DEBUG:colcon.colcon_core.shell:Skip shell extension 'dsv' for command environment
[0.224s] INFO:colcon.colcon_cmake.task.cmake.build:Building CMake package in '/home/tian/ROS_ws/ros2_basis'
[0.224s] INFO:colcon.colcon_core.shell:Skip shell extension 'powershell' for command environment: Not usable outside of PowerShell
[0.224s] DEBUG:colcon.colcon_core.shell:Skip shell extension 'dsv' for command environment
[0.226s] INFO:colcon.colcon_ros.task.ament_cmake.build:Building ROS package in '/home/tian/ROS_ws/src/topic_cpp' with build type 'ament_cmake'
[0.226s] INFO:colcon.colcon_cmake.task.cmake.build:Building CMake package in '/home/tian/ROS_ws/src/topic_cpp'
[0.226s] INFO:colcon.colcon_core.shell:Skip shell extension 'powershell' for command environment: Not usable outside of PowerShell
[0.226s] DEBUG:colcon.colcon_core.shell:Skip shell extension 'dsv' for command environment
[0.231s] DEBUG:colcon.colcon_core.event_handler.log_command:Invoking command in '/home/tian/ROS_ws/build/demo1_cpp': CMAKE_PREFIX_PATH=${CMAKE_PREFIX_PATH}:/opt/ros/jazzy DEBUGINFOD_URLS=https://debuginfod.ubuntu.com /usr/bin/cmake --build /home/tian/ROS_ws/build/demo1_cpp -- -j16 -l16
[0.235s] DEBUG:colcon.colcon_core.event_handler.log_command:Invoking command in '/home/tian/ROS_ws/build/ros2_basis': DEBUGINFOD_URLS=https://debuginfod.ubuntu.com /usr/bin/cmake --build /home/tian/ROS_ws/build/ros2_basis -- -j16 -l16
[0.239s] DEBUG:colcon.colcon_core.event_handler.log_command:Invoking command in '/home/tian/ROS_ws/build/topic_cpp': CMAKE_PREFIX_PATH=${CMAKE_PREFIX_PATH}:/opt/ros/jazzy DEBUGINFOD_URLS=https://debuginfod.ubuntu.com /usr/bin/cmake --build /home/tian/ROS_ws/build/topic_cpp -- -j16 -l16
[0.314s] DEBUG:colcon.colcon_core.event_handler.log_command:Invoked command in '/home/tian/ROS_ws/build/ros2_basis' returned '0': DEBUGINFOD_URLS=https://debuginfod.ubuntu.com /usr/bin/cmake --build /home/tian/ROS_ws/build/ros2_basis -- -j16 -l16
[0.314s] WARNING:colcon.colcon_cmake.task.cmake.build:Could not run installation step for package 'ros2_basis' because it has no 'install' target
[0.314s] Level 1:colcon.colcon_core.environment:create_environment_scripts_only(ros2_basis)
[0.317s] Level 1:colcon.colcon_core.environment:checking '/home/tian/ROS_ws/install/ros2_basis' for CMake module files
[0.317s] Level 1:colcon.colcon_core.environment:checking '/home/tian/ROS_ws/install/ros2_basis' for CMake config files
[0.318s] Level 1:colcon.colcon_core.environment:checking '/home/tian/ROS_ws/install/ros2_basis/bin'
[0.318s] Level 1:colcon.colcon_core.environment:checking '/home/tian/ROS_ws/install/ros2_basis/lib/pkgconfig/ros2_basis.pc'
[0.319s] Level 1:colcon.colcon_core.environment:checking '/home/tian/ROS_ws/install/ros2_basis/lib/python3.12/site-packages'
[0.319s] Level 1:colcon.colcon_core.environment:checking '/home/tian/ROS_ws/install/ros2_basis/bin'
[0.319s] INFO:colcon.colcon_core.shell:Creating package script '/home/tian/ROS_ws/install/ros2_basis/share/ros2_basis/package.ps1'
[0.320s] INFO:colcon.colcon_core.shell:Creating package descriptor '/home/tian/ROS_ws/install/ros2_basis/share/ros2_basis/package.dsv'
[0.321s] INFO:colcon.colcon_core.shell:Creating package script '/home/tian/ROS_ws/install/ros2_basis/share/ros2_basis/package.sh'
[0.321s] INFO:colcon.colcon_core.shell:Creating package script '/home/tian/ROS_ws/install/ros2_basis/share/ros2_basis/package.bash'
[0.322s] INFO:colcon.colcon_core.shell:Creating package script '/home/tian/ROS_ws/install/ros2_basis/share/ros2_basis/package.zsh'
[0.322s] Level 1:colcon.colcon_core.environment:create_file_with_runtime_dependencies(/home/tian/ROS_ws/install/ros2_basis/share/colcon-core/packages/ros2_basis)
[0.324s] DEBUG:colcon.colcon_core.event_handler.log_command:Invoked command in '/home/tian/ROS_ws/build/demo1_cpp' returned '0': CMAKE_PREFIX_PATH=${CMAKE_PREFIX_PATH}:/opt/ros/jazzy DEBUGINFOD_URLS=https://debuginfod.ubuntu.com /usr/bin/cmake --build /home/tian/ROS_ws/build/demo1_cpp -- -j16 -l16
[0.340s] DEBUG:colcon.colcon_core.event_handler.log_command:Invoking command in '/home/tian/ROS_ws/build/demo1_cpp': CMAKE_PREFIX_PATH=${CMAKE_PREFIX_PATH}:/opt/ros/jazzy DEBUGINFOD_URLS=https://debuginfod.ubuntu.com /usr/bin/cmake --install /home/tian/ROS_ws/build/demo1_cpp
[0.356s] Level 1:colcon.colcon_core.environment:create_environment_scripts_only(demo1_cpp)
[0.356s] Level 1:colcon.colcon_core.environment:checking '/home/tian/ROS_ws/install/demo1_cpp' for CMake module files
[0.356s] DEBUG:colcon.colcon_core.event_handler.log_command:Invoked command in '/home/tian/ROS_ws/build/demo1_cpp' returned '0': CMAKE_PREFIX_PATH=${CMAKE_PREFIX_PATH}:/opt/ros/jazzy DEBUGINFOD_URLS=https://debuginfod.ubuntu.com /usr/bin/cmake --install /home/tian/ROS_ws/build/demo1_cpp
[0.357s] Level 1:colcon.colcon_core.environment:checking '/home/tian/ROS_ws/install/demo1_cpp' for CMake config files
[0.357s] Level 1:colcon.colcon_core.shell:create_environment_hook('demo1_cpp', 'cmake_prefix_path')
[0.357s] INFO:colcon.colcon_core.shell:Creating environment hook '/home/tian/ROS_ws/install/demo1_cpp/share/demo1_cpp/hook/cmake_prefix_path.ps1'
[0.357s] INFO:colcon.colcon_core.shell:Creating environment descriptor '/home/tian/ROS_ws/install/demo1_cpp/share/demo1_cpp/hook/cmake_prefix_path.dsv'
[0.358s] INFO:colcon.colcon_core.shell:Creating environment hook '/home/tian/ROS_ws/install/demo1_cpp/share/demo1_cpp/hook/cmake_prefix_path.sh'
[0.358s] Level 1:colcon.colcon_core.environment:checking '/home/tian/ROS_ws/install/demo1_cpp/lib'
[0.359s] Level 1:colcon.colcon_core.environment:checking '/home/tian/ROS_ws/install/demo1_cpp/bin'
[0.359s] Level 1:colcon.colcon_core.environment:checking '/home/tian/ROS_ws/install/demo1_cpp/lib/pkgconfig/demo1_cpp.pc'
[0.359s] Level 1:colcon.colcon_core.environment:checking '/home/tian/ROS_ws/install/demo1_cpp/lib/python3.12/site-packages'
[0.359s] Level 1:colcon.colcon_core.environment:checking '/home/tian/ROS_ws/install/demo1_cpp/bin'
[0.359s] INFO:colcon.colcon_core.shell:Creating package script '/home/tian/ROS_ws/install/demo1_cpp/share/demo1_cpp/package.ps1'
[0.359s] INFO:colcon.colcon_core.shell:Creating package descriptor '/home/tian/ROS_ws/install/demo1_cpp/share/demo1_cpp/package.dsv'
[0.359s] INFO:colcon.colcon_core.shell:Creating package script '/home/tian/ROS_ws/install/demo1_cpp/share/demo1_cpp/package.sh'
[0.360s] INFO:colcon.colcon_core.shell:Creating package script '/home/tian/ROS_ws/install/demo1_cpp/share/demo1_cpp/package.bash'
[0.360s] INFO:colcon.colcon_core.shell:Creating package script '/home/tian/ROS_ws/install/demo1_cpp/share/demo1_cpp/package.zsh'
[0.360s] Level 1:colcon.colcon_core.environment:create_file_with_runtime_dependencies(/home/tian/ROS_ws/install/demo1_cpp/share/colcon-core/packages/demo1_cpp)
[0.360s] Level 1:colcon.colcon_core.environment:create_environment_scripts_only(demo1_cpp)
[0.360s] Level 1:colcon.colcon_core.environment:checking '/home/tian/ROS_ws/install/demo1_cpp' for CMake module files
[0.361s] Level 1:colcon.colcon_core.environment:checking '/home/tian/ROS_ws/install/demo1_cpp' for CMake config files
[0.361s] Level 1:colcon.colcon_core.shell:create_environment_hook('demo1_cpp', 'cmake_prefix_path')
[0.361s] INFO:colcon.colcon_core.shell:Creating environment hook '/home/tian/ROS_ws/install/demo1_cpp/share/demo1_cpp/hook/cmake_prefix_path.ps1'
[0.361s] INFO:colcon.colcon_core.shell:Creating environment descriptor '/home/tian/ROS_ws/install/demo1_cpp/share/demo1_cpp/hook/cmake_prefix_path.dsv'
[0.361s] INFO:colcon.colcon_core.shell:Creating environment hook '/home/tian/ROS_ws/install/demo1_cpp/share/demo1_cpp/hook/cmake_prefix_path.sh'
[0.362s] Level 1:colcon.colcon_core.environment:checking '/home/tian/ROS_ws/install/demo1_cpp/lib'
[0.362s] Level 1:colcon.colcon_core.environment:checking '/home/tian/ROS_ws/install/demo1_cpp/bin'
[0.362s] Level 1:colcon.colcon_core.environment:checking '/home/tian/ROS_ws/install/demo1_cpp/lib/pkgconfig/demo1_cpp.pc'
[0.362s] Level 1:colcon.colcon_core.environment:checking '/home/tian/ROS_ws/install/demo1_cpp/lib/python3.12/site-packages'
[0.362s] Level 1:colcon.colcon_core.environment:checking '/home/tian/ROS_ws/install/demo1_cpp/bin'
[0.362s] INFO:colcon.colcon_core.shell:Creating package script '/home/tian/ROS_ws/install/demo1_cpp/share/demo1_cpp/package.ps1'
[0.362s] INFO:colcon.colcon_core.shell:Creating package descriptor '/home/tian/ROS_ws/install/demo1_cpp/share/demo1_cpp/package.dsv'
[0.363s] INFO:colcon.colcon_core.shell:Creating package script '/home/tian/ROS_ws/install/demo1_cpp/share/demo1_cpp/package.sh'
[0.363s] INFO:colcon.colcon_core.shell:Creating package script '/home/tian/ROS_ws/install/demo1_cpp/share/demo1_cpp/package.bash'
[0.363s] INFO:colcon.colcon_core.shell:Creating package script '/home/tian/ROS_ws/install/demo1_cpp/share/demo1_cpp/package.zsh'
[0.363s] Level 1:colcon.colcon_core.environment:create_file_with_runtime_dependencies(/home/tian/ROS_ws/install/demo1_cpp/share/colcon-core/packages/demo1_cpp)
[6.971s] DEBUG:colcon.colcon_core.event_handler.log_command:Invoked command in '/home/tian/ROS_ws/build/topic_cpp' returned '0': CMAKE_PREFIX_PATH=${CMAKE_PREFIX_PATH}:/opt/ros/jazzy DEBUGINFOD_URLS=https://debuginfod.ubuntu.com /usr/bin/cmake --build /home/tian/ROS_ws/build/topic_cpp -- -j16 -l16
[6.972s] DEBUG:colcon.colcon_core.event_handler.log_command:Invoking command in '/home/tian/ROS_ws/build/topic_cpp': CMAKE_PREFIX_PATH=${CMAKE_PREFIX_PATH}:/opt/ros/jazzy DEBUGINFOD_URLS=https://debuginfod.ubuntu.com /usr/bin/cmake --install /home/tian/ROS_ws/build/topic_cpp
[6.988s] Level 1:colcon.colcon_core.environment:create_environment_scripts_only(topic_cpp)
[6.988s] Level 1:colcon.colcon_core.environment:checking '/home/tian/ROS_ws/install/topic_cpp' for CMake module files
[6.989s] DEBUG:colcon.colcon_core.event_handler.log_command:Invoked command in '/home/tian/ROS_ws/build/topic_cpp' returned '0': CMAKE_PREFIX_PATH=${CMAKE_PREFIX_PATH}:/opt/ros/jazzy DEBUGINFOD_URLS=https://debuginfod.ubuntu.com /usr/bin/cmake --install /home/tian/ROS_ws/build/topic_cpp
[6.989s] Level 1:colcon.colcon_core.environment:checking '/home/tian/ROS_ws/install/topic_cpp' for CMake config files
[6.989s] Level 1:colcon.colcon_core.shell:create_environment_hook('topic_cpp', 'cmake_prefix_path')
[6.989s] INFO:colcon.colcon_core.shell:Creating environment hook '/home/tian/ROS_ws/install/topic_cpp/share/topic_cpp/hook/cmake_prefix_path.ps1'
[6.990s] INFO:colcon.colcon_core.shell:Creating environment descriptor '/home/tian/ROS_ws/install/topic_cpp/share/topic_cpp/hook/cmake_prefix_path.dsv'
[6.990s] INFO:colcon.colcon_core.shell:Creating environment hook '/home/tian/ROS_ws/install/topic_cpp/share/topic_cpp/hook/cmake_prefix_path.sh'
[6.990s] Level 1:colcon.colcon_core.environment:checking '/home/tian/ROS_ws/install/topic_cpp/lib'
[6.990s] Level 1:colcon.colcon_core.environment:checking '/home/tian/ROS_ws/install/topic_cpp/bin'
[6.990s] Level 1:colcon.colcon_core.environment:checking '/home/tian/ROS_ws/install/topic_cpp/lib/pkgconfig/topic_cpp.pc'
[6.991s] Level 1:colcon.colcon_core.environment:checking '/home/tian/ROS_ws/install/topic_cpp/lib/python3.12/site-packages'
[6.991s] Level 1:colcon.colcon_core.environment:checking '/home/tian/ROS_ws/install/topic_cpp/bin'
[6.991s] INFO:colcon.colcon_core.shell:Creating package script '/home/tian/ROS_ws/install/topic_cpp/share/topic_cpp/package.ps1'
[6.991s] INFO:colcon.colcon_core.shell:Creating package descriptor '/home/tian/ROS_ws/install/topic_cpp/share/topic_cpp/package.dsv'
[6.991s] INFO:colcon.colcon_core.shell:Creating package script '/home/tian/ROS_ws/install/topic_cpp/share/topic_cpp/package.sh'
[6.992s] INFO:colcon.colcon_core.shell:Creating package script '/home/tian/ROS_ws/install/topic_cpp/share/topic_cpp/package.bash'
[6.992s] INFO:colcon.colcon_core.shell:Creating package script '/home/tian/ROS_ws/install/topic_cpp/share/topic_cpp/package.zsh'
[6.992s] Level 1:colcon.colcon_core.environment:create_file_with_runtime_dependencies(/home/tian/ROS_ws/install/topic_cpp/share/colcon-core/packages/topic_cpp)
[6.992s] Level 1:colcon.colcon_core.environment:create_environment_scripts_only(topic_cpp)
[6.992s] Level 1:colcon.colcon_core.environment:checking '/home/tian/ROS_ws/install/topic_cpp' for CMake module files
[6.993s] Level 1:colcon.colcon_core.environment:checking '/home/tian/ROS_ws/install/topic_cpp' for CMake config files
[6.993s] Level 1:colcon.colcon_core.shell:create_environment_hook('topic_cpp', 'cmake_prefix_path')
[6.993s] INFO:colcon.colcon_core.shell:Creating environment hook '/home/tian/ROS_ws/install/topic_cpp/share/topic_cpp/hook/cmake_prefix_path.ps1'
[6.993s] INFO:colcon.colcon_core.shell:Creating environment descriptor '/home/tian/ROS_ws/install/topic_cpp/share/topic_cpp/hook/cmake_prefix_path.dsv'
[6.993s] INFO:colcon.colcon_core.shell:Creating environment hook '/home/tian/ROS_ws/install/topic_cpp/share/topic_cpp/hook/cmake_prefix_path.sh'
[6.994s] Level 1:colcon.colcon_core.environment:checking '/home/tian/ROS_ws/install/topic_cpp/lib'
[6.994s] Level 1:colcon.colcon_core.environment:checking '/home/tian/ROS_ws/install/topic_cpp/bin'
[6.994s] Level 1:colcon.colcon_core.environment:checking '/home/tian/ROS_ws/install/topic_cpp/lib/pkgconfig/topic_cpp.pc'
[6.994s] Level 1:colcon.colcon_core.environment:checking '/home/tian/ROS_ws/install/topic_cpp/lib/python3.12/site-packages'
[6.994s] Level 1:colcon.colcon_core.environment:checking '/home/tian/ROS_ws/install/topic_cpp/bin'
[6.994s] INFO:colcon.colcon_core.shell:Creating package script '/home/tian/ROS_ws/install/topic_cpp/share/topic_cpp/package.ps1'
[6.994s] INFO:colcon.colcon_core.shell:Creating package descriptor '/home/tian/ROS_ws/install/topic_cpp/share/topic_cpp/package.dsv'
[6.994s] INFO:colcon.colcon_core.shell:Creating package script '/home/tian/ROS_ws/install/topic_cpp/share/topic_cpp/package.sh'
[6.995s] INFO:colcon.colcon_core.shell:Creating package script '/home/tian/ROS_ws/install/topic_cpp/share/topic_cpp/package.bash'
[6.995s] INFO:colcon.colcon_core.shell:Creating package script '/home/tian/ROS_ws/install/topic_cpp/share/topic_cpp/package.zsh'
[6.995s] Level 1:colcon.colcon_core.environment:create_file_with_runtime_dependencies(/home/tian/ROS_ws/install/topic_cpp/share/colcon-core/packages/topic_cpp)
[6.995s] DEBUG:colcon.colcon_parallel_executor.executor.parallel:closing loop
[6.995s] DEBUG:colcon.colcon_parallel_executor.executor.parallel:loop closed
[6.995s] DEBUG:colcon.colcon_parallel_executor.executor.parallel:run_until_complete finished with '0'
[6.995s] DEBUG:colcon.colcon_core.event_reactor:joining thread
[7.001s] INFO:colcon.colcon_core.plugin_system:Skipping extension 'colcon_notification.desktop_notification.terminal_notifier': Not used on non-Darwin systems
[7.001s] INFO:colcon.colcon_core.plugin_system:Skipping extension 'colcon_notification.desktop_notification.win32': Not used on non-Windows systems
[7.001s] INFO:colcon.colcon_notification.desktop_notification:Sending desktop notification using 'notify2'
[7.019s] DEBUG:colcon.colcon_core.event_reactor:joined thread
[7.019s] INFO:colcon.colcon_core.shell:Creating prefix script '/home/tian/ROS_ws/install/local_setup.ps1'
[7.020s] INFO:colcon.colcon_core.shell:Creating prefix util module '/home/tian/ROS_ws/install/_local_setup_util_ps1.py'
[7.020s] INFO:colcon.colcon_core.shell:Creating prefix chain script '/home/tian/ROS_ws/install/setup.ps1'
[7.021s] INFO:colcon.colcon_core.shell:Creating prefix script '/home/tian/ROS_ws/install/local_setup.sh'
[7.021s] INFO:colcon.colcon_core.shell:Creating prefix util module '/home/tian/ROS_ws/install/_local_setup_util_sh.py'
[7.022s] INFO:colcon.colcon_core.shell:Creating prefix chain script '/home/tian/ROS_ws/install/setup.sh'
[7.022s] INFO:colcon.colcon_core.shell:Creating prefix script '/home/tian/ROS_ws/install/local_setup.bash'
[7.023s] INFO:colcon.colcon_core.shell:Creating prefix chain script '/home/tian/ROS_ws/install/setup.bash'
[7.023s] INFO:colcon.colcon_core.shell:Creating prefix script '/home/tian/ROS_ws/install/local_setup.zsh'
[7.024s] INFO:colcon.colcon_core.shell:Creating prefix chain script '/home/tian/ROS_ws/install/setup.zsh'
