[0.009s] Invoking command in '/home/tian/ROS_ws/build/topic_cpp': CMAKE_PREFIX_PATH=${CMAKE_PREFIX_PATH}:/opt/ros/jazzy DEBUGINFOD_URLS=https://debuginfod.ubuntu.com /usr/bin/cmake --build /home/tian/ROS_ws/build/topic_cpp -- -j16 -l16
[0.040s] -- Found ament_cmake: 2.5.4 (/opt/ros/jazzy/share/ament_cmake/cmake)
[0.256s] -- Found rclcpp: 28.1.11 (/opt/ros/jazzy/share/rclcpp/cmake)
[0.284s] -- Found rosidl_generator_c: 4.6.6 (/opt/ros/jazzy/share/rosidl_generator_c/cmake)
[0.292s] -- Found rosidl_generator_cpp: 4.6.6 (/opt/ros/jazzy/share/rosidl_generator_cpp/cmake)
[0.303s] -- Using all available rosidl_typesupport_c: rosidl_typesupport_fastrtps_c;rosidl_typesupport_introspection_c
[0.318s] -- Using all available rosidl_typesupport_cpp: rosidl_typesupport_fastrtps_cpp;rosidl_typesupport_introspection_cpp
[0.380s] -- Found rmw_implementation_cmake: 7.3.2 (/opt/ros/jazzy/share/rmw_implementation_cmake/cmake)
[0.383s] -- Found rmw_fastrtps_cpp: 8.4.3 (/opt/ros/jazzy/share/rmw_fastrtps_cpp/cmake)
[0.465s] -- Using RMW implementation 'rmw_fastrtps_cpp' as default
[0.540s] -- Found std_msgs: 5.3.6 (/opt/ros/jazzy/share/std_msgs/cmake)
[0.553s] -- Found ament_lint_auto: 0.17.3 (/opt/ros/jazzy/share/ament_lint_auto/cmake)
[0.662s] -- Added test 'cppcheck' to perform static code analysis on C / C++ code
[0.662s] -- Configured cppcheck include dirs: 
[0.662s] -- Configured cppcheck exclude dirs and/or files: 
[0.662s] -- Added test 'lint_cmake' to check CMake code style
[0.663s] -- Added test 'uncrustify' to check C / C++ code style
[0.663s] -- Configured uncrustify additional arguments: 
[0.663s] -- Added test 'xmllint' to check XML markup files
[0.665s] -- Configuring done (0.6s)
[0.677s] -- Generating done (0.0s)
[0.680s] -- Build files have been written to: /home/tian/ROS_ws/build/topic_cpp
[0.754s] [ 50%] [32mBuilding CXX object CMakeFiles/topic_publisher_01.dir/src/topic_publisher.cpp.o[0m
[6.283s] [100%] [32m[1mLinking CXX executable topic_publisher_01[0m
[6.539s] [100%] Built target topic_publisher_01
[6.565s] Invoked command in '/home/tian/ROS_ws/build/topic_cpp' returned '0': CMAKE_PREFIX_PATH=${CMAKE_PREFIX_PATH}:/opt/ros/jazzy DEBUGINFOD_URLS=https://debuginfod.ubuntu.com /usr/bin/cmake --build /home/tian/ROS_ws/build/topic_cpp -- -j16 -l16
[6.584s] Invoking command in '/home/tian/ROS_ws/build/topic_cpp': CMAKE_PREFIX_PATH=${CMAKE_PREFIX_PATH}:/opt/ros/jazzy DEBUGINFOD_URLS=https://debuginfod.ubuntu.com /usr/bin/cmake --install /home/tian/ROS_ws/build/topic_cpp
[6.598s] -- Install configuration: ""
[6.598s] -- Installing: /home/tian/ROS_ws/install/topic_cpp/share/ament_index/resource_index/package_run_dependencies/topic_cpp
[6.598s] -- Up-to-date: /home/tian/ROS_ws/install/topic_cpp/share/ament_index/resource_index/parent_prefix_path/topic_cpp
[6.598s] -- Up-to-date: /home/tian/ROS_ws/install/topic_cpp/share/topic_cpp/environment/ament_prefix_path.sh
[6.598s] -- Up-to-date: /home/tian/ROS_ws/install/topic_cpp/share/topic_cpp/environment/ament_prefix_path.dsv
[6.598s] -- Up-to-date: /home/tian/ROS_ws/install/topic_cpp/share/topic_cpp/environment/path.sh
[6.598s] -- Up-to-date: /home/tian/ROS_ws/install/topic_cpp/share/topic_cpp/environment/path.dsv
[6.598s] -- Up-to-date: /home/tian/ROS_ws/install/topic_cpp/share/topic_cpp/local_setup.bash
[6.598s] -- Up-to-date: /home/tian/ROS_ws/install/topic_cpp/share/topic_cpp/local_setup.sh
[6.598s] -- Up-to-date: /home/tian/ROS_ws/install/topic_cpp/share/topic_cpp/local_setup.zsh
[6.598s] -- Up-to-date: /home/tian/ROS_ws/install/topic_cpp/share/topic_cpp/local_setup.dsv
[6.598s] -- Installing: /home/tian/ROS_ws/install/topic_cpp/share/topic_cpp/package.dsv
[6.598s] -- Up-to-date: /home/tian/ROS_ws/install/topic_cpp/share/ament_index/resource_index/packages/topic_cpp
[6.598s] -- Up-to-date: /home/tian/ROS_ws/install/topic_cpp/share/topic_cpp/cmake/topic_cppConfig.cmake
[6.598s] -- Up-to-date: /home/tian/ROS_ws/install/topic_cpp/share/topic_cpp/cmake/topic_cppConfig-version.cmake
[6.598s] -- Installing: /home/tian/ROS_ws/install/topic_cpp/share/topic_cpp/package.xml
[6.598s] -- Installing: /home/tian/ROS_ws/install/topic_cpp/lib/topic_cpp/topic_publisher_01
[6.600s] -- Set non-toolchain portion of runtime path of "/home/tian/ROS_ws/install/topic_cpp/lib/topic_cpp/topic_publisher_01" to ""
[6.604s] Invoked command in '/home/tian/ROS_ws/build/topic_cpp' returned '0': CMAKE_PREFIX_PATH=${CMAKE_PREFIX_PATH}:/opt/ros/jazzy DEBUGINFOD_URLS=https://debuginfod.ubuntu.com /usr/bin/cmake --install /home/tian/ROS_ws/build/topic_cpp
