[0.010s] Invoking command in '/home/tian/ROS_ws/build/demo1_cpp': CMAKE_PREFIX_PATH=${CMAKE_PREFIX_PATH}:/opt/ros/jazzy DEBUGINFOD_URLS=https://debuginfod.ubuntu.com /usr/bin/cmake /home/tian/ROS_ws/src/demo1_cpp -DCMAKE_INSTALL_PREFIX=/home/tian/ROS_ws/install/demo1_cpp
[0.059s] -- The C compiler identification is GNU 13.3.0
[0.106s] -- The CXX compiler identification is GNU 13.3.0
[0.123s] -- Detecting C compiler ABI info
[0.195s] -- Detecting C compiler ABI info - done
[0.201s] -- Check for working C compiler: /usr/bin/cc - skipped
[0.201s] -- Detecting C compile features
[0.201s] -- Detecting C compile features - done
[0.210s] -- Detecting CXX compiler ABI info
[0.295s] -- Detecting CXX compiler ABI info - done
[0.301s] -- Check for working CXX compiler: /usr/bin/c++ - skipped
[0.301s] -- Detecting CXX compile features
[0.301s] -- Detecting CXX compile features - done
[0.302s] -- Found ament_cmake: 2.5.4 (/opt/ros/jazzy/share/ament_cmake/cmake)
[0.410s] -- Found Python3: /usr/bin/python3 (found version "3.12.3") found components: Interpreter 
[0.486s] -- Found rclcpp: 28.1.11 (/opt/ros/jazzy/share/rclcpp/cmake)
[0.512s] -- Found rosidl_generator_c: 4.6.6 (/opt/ros/jazzy/share/rosidl_generator_c/cmake)
[0.521s] -- Found rosidl_generator_cpp: 4.6.6 (/opt/ros/jazzy/share/rosidl_generator_cpp/cmake)
[0.531s] -- Using all available rosidl_typesupport_c: rosidl_typesupport_fastrtps_c;rosidl_typesupport_introspection_c
[0.542s] -- Using all available rosidl_typesupport_cpp: rosidl_typesupport_fastrtps_cpp;rosidl_typesupport_introspection_cpp
[0.592s] -- Found rmw_implementation_cmake: 7.3.2 (/opt/ros/jazzy/share/rmw_implementation_cmake/cmake)
[0.593s] -- Found rmw_fastrtps_cpp: 8.4.3 (/opt/ros/jazzy/share/rmw_fastrtps_cpp/cmake)
[0.664s] -- Found OpenSSL: /usr/lib/x86_64-linux-gnu/libcrypto.so (found version "3.0.13")  
[0.679s] -- Found FastRTPS: /opt/ros/jazzy/include (Required is at least version "2.13") 
[0.697s] -- Using RMW implementation 'rmw_fastrtps_cpp' as default
[0.748s] -- Found ament_lint_auto: 0.17.3 (/opt/ros/jazzy/share/ament_lint_auto/cmake)
[0.831s] -- Added test 'cppcheck' to perform static code analysis on C / C++ code
[0.831s] -- Configured cppcheck include dirs: 
[0.831s] -- Configured cppcheck exclude dirs and/or files: 
[0.832s] -- Added test 'lint_cmake' to check CMake code style
[0.833s] -- Added test 'uncrustify' to check C / C++ code style
[0.833s] -- Configured uncrustify additional arguments: 
[0.833s] -- Added test 'xmllint' to check XML markup files
[0.835s] -- Configuring done (0.8s)
[0.842s] -- Generating done (0.0s)
[0.845s] -- Build files have been written to: /home/tian/ROS_ws/build/demo1_cpp
[0.853s] Invoked command in '/home/tian/ROS_ws/build/demo1_cpp' returned '0': CMAKE_PREFIX_PATH=${CMAKE_PREFIX_PATH}:/opt/ros/jazzy DEBUGINFOD_URLS=https://debuginfod.ubuntu.com /usr/bin/cmake /home/tian/ROS_ws/src/demo1_cpp -DCMAKE_INSTALL_PREFIX=/home/tian/ROS_ws/install/demo1_cpp
[0.854s] Invoking command in '/home/tian/ROS_ws/build/demo1_cpp': CMAKE_PREFIX_PATH=${CMAKE_PREFIX_PATH}:/opt/ros/jazzy DEBUGINFOD_URLS=https://debuginfod.ubuntu.com /usr/bin/cmake --build /home/tian/ROS_ws/build/demo1_cpp -- -j16 -l16
[0.899s] [ 50%] [32mBuilding CXX object CMakeFiles/node_01.dir/src/node_01.cpp.o[0m
[2.959s] [100%] [32m[1mLinking CXX executable node_01[0m
[3.068s] [100%] Built target node_01
[3.079s] Invoked command in '/home/tian/ROS_ws/build/demo1_cpp' returned '0': CMAKE_PREFIX_PATH=${CMAKE_PREFIX_PATH}:/opt/ros/jazzy DEBUGINFOD_URLS=https://debuginfod.ubuntu.com /usr/bin/cmake --build /home/tian/ROS_ws/build/demo1_cpp -- -j16 -l16
[3.088s] Invoking command in '/home/tian/ROS_ws/build/demo1_cpp': CMAKE_PREFIX_PATH=${CMAKE_PREFIX_PATH}:/opt/ros/jazzy DEBUGINFOD_URLS=https://debuginfod.ubuntu.com /usr/bin/cmake --install /home/tian/ROS_ws/build/demo1_cpp
[3.096s] -- Install configuration: ""
[3.096s] -- Installing: /home/tian/ROS_ws/install/demo1_cpp/share/ament_index/resource_index/package_run_dependencies/demo1_cpp
[3.096s] -- Installing: /home/tian/ROS_ws/install/demo1_cpp/share/ament_index/resource_index/parent_prefix_path/demo1_cpp
[3.096s] -- Installing: /home/tian/ROS_ws/install/demo1_cpp/share/demo1_cpp/environment/ament_prefix_path.sh
[3.096s] -- Installing: /home/tian/ROS_ws/install/demo1_cpp/share/demo1_cpp/environment/ament_prefix_path.dsv
[3.096s] -- Installing: /home/tian/ROS_ws/install/demo1_cpp/share/demo1_cpp/environment/path.sh
[3.096s] -- Installing: /home/tian/ROS_ws/install/demo1_cpp/share/demo1_cpp/environment/path.dsv
[3.096s] -- Installing: /home/tian/ROS_ws/install/demo1_cpp/share/demo1_cpp/local_setup.bash
[3.096s] -- Installing: /home/tian/ROS_ws/install/demo1_cpp/share/demo1_cpp/local_setup.sh
[3.096s] -- Installing: /home/tian/ROS_ws/install/demo1_cpp/share/demo1_cpp/local_setup.zsh
[3.097s] -- Installing: /home/tian/ROS_ws/install/demo1_cpp/share/demo1_cpp/local_setup.dsv
[3.097s] -- Installing: /home/tian/ROS_ws/install/demo1_cpp/share/demo1_cpp/package.dsv
[3.097s] -- Installing: /home/tian/ROS_ws/install/demo1_cpp/share/ament_index/resource_index/packages/demo1_cpp
[3.097s] -- Installing: /home/tian/ROS_ws/install/demo1_cpp/share/demo1_cpp/cmake/demo1_cppConfig.cmake
[3.097s] -- Installing: /home/tian/ROS_ws/install/demo1_cpp/share/demo1_cpp/cmake/demo1_cppConfig-version.cmake
[3.097s] -- Installing: /home/tian/ROS_ws/install/demo1_cpp/share/demo1_cpp/package.xml
[3.097s] -- Installing: /home/tian/ROS_ws/install/demo1_cpp/lib/demo1_cpp/node_01
[3.098s] -- Set non-toolchain portion of runtime path of "/home/tian/ROS_ws/install/demo1_cpp/lib/demo1_cpp/node_01" to ""
[3.101s] Invoked command in '/home/tian/ROS_ws/build/demo1_cpp' returned '0': CMAKE_PREFIX_PATH=${CMAKE_PREFIX_PATH}:/opt/ros/jazzy DEBUGINFOD_URLS=https://debuginfod.ubuntu.com /usr/bin/cmake --install /home/tian/ROS_ws/build/demo1_cpp
