[ 25%] [32mBuilding CXX object CMakeFiles/topic_subscriber.dir/src/topic_subscrib.cpp.o[0m
[ 75%] Built target topic_publisher_01
[100%] [32m[1mLinking CXX executable topic_subscriber[0m
[100%] Built target topic_subscriber
-- Install configuration: ""
-- Up-to-date: /home/tian/ROS_ws/install/topic_cpp/share/ament_index/resource_index/package_run_dependencies/topic_cpp
-- Up-to-date: /home/tian/ROS_ws/install/topic_cpp/share/ament_index/resource_index/parent_prefix_path/topic_cpp
-- Up-to-date: /home/tian/ROS_ws/install/topic_cpp/share/topic_cpp/environment/ament_prefix_path.sh
-- Up-to-date: /home/tian/ROS_ws/install/topic_cpp/share/topic_cpp/environment/ament_prefix_path.dsv
-- Up-to-date: /home/tian/ROS_ws/install/topic_cpp/share/topic_cpp/environment/path.sh
-- Up-to-date: /home/tian/ROS_ws/install/topic_cpp/share/topic_cpp/environment/path.dsv
-- Up-to-date: /home/tian/ROS_ws/install/topic_cpp/share/topic_cpp/local_setup.bash
-- Up-to-date: /home/tian/ROS_ws/install/topic_cpp/share/topic_cpp/local_setup.sh
-- Up-to-date: /home/tian/ROS_ws/install/topic_cpp/share/topic_cpp/local_setup.zsh
-- Up-to-date: /home/tian/ROS_ws/install/topic_cpp/share/topic_cpp/local_setup.dsv
-- Installing: /home/tian/ROS_ws/install/topic_cpp/share/topic_cpp/package.dsv
-- Up-to-date: /home/tian/ROS_ws/install/topic_cpp/share/ament_index/resource_index/packages/topic_cpp
-- Up-to-date: /home/tian/ROS_ws/install/topic_cpp/share/topic_cpp/cmake/topic_cppConfig.cmake
-- Up-to-date: /home/tian/ROS_ws/install/topic_cpp/share/topic_cpp/cmake/topic_cppConfig-version.cmake
-- Up-to-date: /home/tian/ROS_ws/install/topic_cpp/share/topic_cpp/package.xml
-- Up-to-date: /home/tian/ROS_ws/install/topic_cpp/lib/topic_cpp/topic_publisher_01
-- Installing: /home/tian/ROS_ws/install/topic_cpp/lib/topic_cpp/topic_subscriber
-- Set non-toolchain portion of runtime path of "/home/tian/ROS_ws/install/topic_cpp/lib/topic_cpp/topic_subscriber" to ""
