[0.023s] Invoking command in '/home/tian/ROS_ws/build/ros2_basis': DEBUGINFOD_URLS=https://debuginfod.ubuntu.com /usr/bin/cmake /home/tian/ROS_ws/ros2_basis -DCMAKE_INSTALL_PREFIX=/home/tian/ROS_ws/install/ros2_basis
[0.056s] -- Found rclcpp: 28.1.11 (/opt/ros/jazzy/share/rclcpp/cmake)
[0.287s] -- Found Python3: /usr/bin/python3 (found version "3.12.3") found components: Interpreter 
[0.575s] -- Found rosidl_generator_c: 4.6.6 (/opt/ros/jazzy/share/rosidl_generator_c/cmake)
[0.597s] -- Found rosidl_generator_cpp: 4.6.6 (/opt/ros/jazzy/share/rosidl_generator_cpp/cmake)
[0.622s] -- Using all available rosidl_typesupport_c: rosidl_typesupport_fastrtps_c;rosidl_typesupport_introspection_c
[0.647s] -- Using all available rosidl_typesupport_cpp: rosidl_typesupport_fastrtps_cpp;rosidl_typesupport_introspection_cpp
[0.754s] -- Found rmw_implementation_cmake: 7.3.2 (/opt/ros/jazzy/share/rmw_implementation_cmake/cmake)
[0.757s] -- Found rmw_fastrtps_cpp: 8.4.3 (/opt/ros/jazzy/share/rmw_fastrtps_cpp/cmake)
[0.891s] -- Found OpenSSL: /usr/lib/x86_64-linux-gnu/libcrypto.so (found version "3.0.13")  
[0.931s] -- Found FastRTPS: /opt/ros/jazzy/include (Required is at least version "2.13") 
[0.966s] -- Using RMW implementation 'rmw_fastrtps_cpp' as default
[1.074s] -- Configuring done (1.0s)
[1.086s] -- Generating done (0.0s)
[1.091s] -- Build files have been written to: /home/tian/ROS_ws/build/ros2_basis
[1.102s] Invoked command in '/home/tian/ROS_ws/build/ros2_basis' returned '0': DEBUGINFOD_URLS=https://debuginfod.ubuntu.com /usr/bin/cmake /home/tian/ROS_ws/ros2_basis -DCMAKE_INSTALL_PREFIX=/home/tian/ROS_ws/install/ros2_basis
[1.104s] Invoking command in '/home/tian/ROS_ws/build/ros2_basis': DEBUGINFOD_URLS=https://debuginfod.ubuntu.com /usr/bin/cmake --build /home/tian/ROS_ws/build/ros2_basis -- -j16 -l16
[1.212s] [ 50%] [32mBuilding CXX object CMakeFiles/first_node.dir/first_node.cpp.o[0m
[3.459s] [100%] [32m[1mLinking CXX executable first_node[0m
[3.563s] [100%] Built target first_node
