-- Found ament_cmake: 2.5.4 (/opt/ros/jazzy/share/ament_cmake/cmake)
-- Found rclcpp: 28.1.11 (/opt/ros/jazzy/share/rclcpp/cmake)
-- Found rosidl_generator_c: 4.6.6 (/opt/ros/jazzy/share/rosidl_generator_c/cmake)
-- Found rosidl_generator_cpp: 4.6.6 (/opt/ros/jazzy/share/rosidl_generator_cpp/cmake)
-- Using all available rosidl_typesupport_c: rosidl_typesupport_fastrtps_c;rosidl_typesupport_introspection_c
-- Using all available rosidl_typesupport_cpp: rosidl_typesupport_fastrtps_cpp;rosidl_typesupport_introspection_cpp
-- Found rmw_implementation_cmake: 7.3.2 (/opt/ros/jazzy/share/rmw_implementation_cmake/cmake)
-- Found rmw_fastrtps_cpp: 8.4.3 (/opt/ros/jazzy/share/rmw_fastrtps_cpp/cmake)
-- Using RMW implementation 'rmw_fastrtps_cpp' as default
-- Found ament_lint_auto: 0.17.3 (/opt/ros/jazzy/share/ament_lint_auto/cmake)
-- Added test 'cppcheck' to perform static code analysis on C / C++ code
-- Configured cppcheck include dirs: 
-- Configured cppcheck exclude dirs and/or files: 
-- Added test 'lint_cmake' to check CMake code style
-- Added test 'uncrustify' to check C / C++ code style
-- Configured uncrustify additional arguments: 
-- Added test 'xmllint' to check XML markup files
-- Configuring done (0.9s)
-- Generating done (0.0s)
-- Build files have been written to: /home/tian/ROS_ws/build/demo1_cpp
[ 25%] [32mBuilding CXX object CMakeFiles/node_oop_01.dir/src/node_oop_01.cpp.o[0m
[ 75%] Built target node_01
[100%] [32m[1mLinking CXX executable node_oop_01[0m
[100%] Built target node_oop_01
-- Install configuration: ""
-- Up-to-date: /home/tian/ROS_ws/install/demo1_cpp/share/ament_index/resource_index/package_run_dependencies/demo1_cpp
-- Up-to-date: /home/tian/ROS_ws/install/demo1_cpp/share/ament_index/resource_index/parent_prefix_path/demo1_cpp
-- Up-to-date: /home/tian/ROS_ws/install/demo1_cpp/share/demo1_cpp/environment/ament_prefix_path.sh
-- Up-to-date: /home/tian/ROS_ws/install/demo1_cpp/share/demo1_cpp/environment/ament_prefix_path.dsv
-- Up-to-date: /home/tian/ROS_ws/install/demo1_cpp/share/demo1_cpp/environment/path.sh
-- Up-to-date: /home/tian/ROS_ws/install/demo1_cpp/share/demo1_cpp/environment/path.dsv
-- Up-to-date: /home/tian/ROS_ws/install/demo1_cpp/share/demo1_cpp/local_setup.bash
-- Up-to-date: /home/tian/ROS_ws/install/demo1_cpp/share/demo1_cpp/local_setup.sh
-- Up-to-date: /home/tian/ROS_ws/install/demo1_cpp/share/demo1_cpp/local_setup.zsh
-- Up-to-date: /home/tian/ROS_ws/install/demo1_cpp/share/demo1_cpp/local_setup.dsv
-- Installing: /home/tian/ROS_ws/install/demo1_cpp/share/demo1_cpp/package.dsv
-- Up-to-date: /home/tian/ROS_ws/install/demo1_cpp/share/ament_index/resource_index/packages/demo1_cpp
-- Up-to-date: /home/tian/ROS_ws/install/demo1_cpp/share/demo1_cpp/cmake/demo1_cppConfig.cmake
-- Up-to-date: /home/tian/ROS_ws/install/demo1_cpp/share/demo1_cpp/cmake/demo1_cppConfig-version.cmake
-- Up-to-date: /home/tian/ROS_ws/install/demo1_cpp/share/demo1_cpp/package.xml
-- Up-to-date: /home/tian/ROS_ws/install/demo1_cpp/lib/demo1_cpp/node_01
-- Installing: /home/tian/ROS_ws/install/demo1_cpp/lib/demo1_cpp/node_oop_01
-- Set non-toolchain portion of runtime path of "/home/tian/ROS_ws/install/demo1_cpp/lib/demo1_cpp/node_oop_01" to ""
