[0.088s] DEBUG:colcon:Command line arguments: ['/usr/bin/colcon', 'build', '--packages-select', 'topic_cpp']
[0.088s] DEBUG:colcon:Parsed command line arguments: Namespace(log_base=None, log_level=None, verb_name='build', build_base='build', install_base='install', merge_install=False, symlink_install=False, test_result_base=None, continue_on_error=False, executor='parallel', parallel_workers=16, event_handlers=None, ignore_user_meta=False, metas=['./colcon.meta'], base_paths=['.'], packages_ignore=None, packages_ignore_regex=None, paths=None, packages_up_to=None, packages_up_to_regex=None, packages_above=None, packages_above_and_dependencies=None, packages_above_depth=None, packages_select_by_dep=None, packages_skip_by_dep=None, packages_skip_up_to=None, packages_select_build_failed=False, packages_skip_build_finished=False, packages_select_test_failures=False, packages_skip_test_passed=False, packages_select=['topic_cpp'], packages_skip=None, packages_select_regex=None, packages_skip_regex=None, packages_start=None, packages_end=None, allow_overriding=[], cmake_args=None, cmake_target=None, cmake_target_skip_unavailable=False, cmake_clean_cache=False, cmake_clean_first=False, cmake_force_configure=False, ament_cmake_args=None, catkin_cmake_args=None, catkin_skip_building_tests=False, verb_parser=<colcon_defaults.argument_parser.defaults.DefaultArgumentsDecorator object at 0x708aa075d5b0>, verb_extension=<colcon_core.verb.build.BuildVerb object at 0x708aa08df6b0>, main=<bound method BuildVerb.main of <colcon_core.verb.build.BuildVerb object at 0x708aa08df6b0>>)
[0.126s] Level 1:colcon.colcon_core.package_discovery:discover_packages(colcon_meta) check parameters
[0.126s] Level 1:colcon.colcon_core.package_discovery:discover_packages(recursive) check parameters
[0.126s] Level 1:colcon.colcon_core.package_discovery:discover_packages(ignore) check parameters
[0.126s] Level 1:colcon.colcon_core.package_discovery:discover_packages(path) check parameters
[0.126s] Level 1:colcon.colcon_core.package_discovery:discover_packages(colcon_meta) discover
[0.126s] Level 1:colcon.colcon_core.package_discovery:discover_packages(recursive) discover
[0.126s] INFO:colcon.colcon_core.package_discovery:Crawling recursively for packages in '/home/tian/ROS_ws'
[0.126s] Level 1:colcon.colcon_core.package_identification:_identify(.) by extensions ['ignore', 'ignore_ament_install']
[0.127s] Level 1:colcon.colcon_core.package_identification:_identify(.) by extension 'ignore'
[0.127s] Level 1:colcon.colcon_core.package_identification:_identify(.) by extension 'ignore_ament_install'
[0.127s] Level 1:colcon.colcon_core.package_identification:_identify(.) by extensions ['colcon_pkg']
[0.127s] Level 1:colcon.colcon_core.package_identification:_identify(.) by extension 'colcon_pkg'
[0.127s] Level 1:colcon.colcon_core.package_identification:_identify(.) by extensions ['colcon_meta']
[0.127s] Level 1:colcon.colcon_core.package_identification:_identify(.) by extension 'colcon_meta'
[0.127s] Level 1:colcon.colcon_core.package_identification:_identify(.) by extensions ['ros']
[0.127s] Level 1:colcon.colcon_core.package_identification:_identify(.) by extension 'ros'
[0.146s] Level 1:colcon.colcon_core.package_identification:_identify(.) by extensions ['cmake', 'python']
[0.146s] Level 1:colcon.colcon_core.package_identification:_identify(.) by extension 'cmake'
[0.146s] Level 1:colcon.colcon_core.package_identification:_identify(.) by extension 'python'
[0.146s] Level 1:colcon.colcon_core.package_identification:_identify(.) by extensions ['python_setup_py']
[0.146s] Level 1:colcon.colcon_core.package_identification:_identify(.) by extension 'python_setup_py'
[0.146s] Level 1:colcon.colcon_core.package_identification:_identify(build) by extensions ['ignore', 'ignore_ament_install']
[0.146s] Level 1:colcon.colcon_core.package_identification:_identify(build) by extension 'ignore'
[0.146s] Level 1:colcon.colcon_core.package_identification:_identify(build) ignored
[0.146s] Level 1:colcon.colcon_core.package_identification:_identify(install) by extensions ['ignore', 'ignore_ament_install']
[0.146s] Level 1:colcon.colcon_core.package_identification:_identify(install) by extension 'ignore'
[0.146s] Level 1:colcon.colcon_core.package_identification:_identify(install) ignored
[0.146s] Level 1:colcon.colcon_core.package_identification:_identify(log) by extensions ['ignore', 'ignore_ament_install']
[0.146s] Level 1:colcon.colcon_core.package_identification:_identify(log) by extension 'ignore'
[0.146s] Level 1:colcon.colcon_core.package_identification:_identify(log) ignored
[0.146s] Level 1:colcon.colcon_core.package_identification:_identify(ros2_basis) by extensions ['ignore', 'ignore_ament_install']
[0.146s] Level 1:colcon.colcon_core.package_identification:_identify(ros2_basis) by extension 'ignore'
[0.146s] Level 1:colcon.colcon_core.package_identification:_identify(ros2_basis) by extension 'ignore_ament_install'
[0.146s] Level 1:colcon.colcon_core.package_identification:_identify(ros2_basis) by extensions ['colcon_pkg']
[0.146s] Level 1:colcon.colcon_core.package_identification:_identify(ros2_basis) by extension 'colcon_pkg'
[0.147s] Level 1:colcon.colcon_core.package_identification:_identify(ros2_basis) by extensions ['colcon_meta']
[0.147s] Level 1:colcon.colcon_core.package_identification:_identify(ros2_basis) by extension 'colcon_meta'
[0.147s] Level 1:colcon.colcon_core.package_identification:_identify(ros2_basis) by extensions ['ros']
[0.147s] Level 1:colcon.colcon_core.package_identification:_identify(ros2_basis) by extension 'ros'
[0.147s] Level 1:colcon.colcon_core.package_identification:_identify(ros2_basis) by extensions ['cmake', 'python']
[0.147s] Level 1:colcon.colcon_core.package_identification:_identify(ros2_basis) by extension 'cmake'
[0.152s] Level 1:colcon.colcon_core.package_identification:_identify(ros2_basis) by extension 'python'
[0.152s] DEBUG:colcon.colcon_core.package_identification:Package 'ros2_basis' with type 'cmake' and name 'ros2_basis'
[0.152s] Level 1:colcon.colcon_core.package_identification:_identify(src) by extensions ['ignore', 'ignore_ament_install']
[0.153s] Level 1:colcon.colcon_core.package_identification:_identify(src) by extension 'ignore'
[0.153s] Level 1:colcon.colcon_core.package_identification:_identify(src) by extension 'ignore_ament_install'
[0.153s] Level 1:colcon.colcon_core.package_identification:_identify(src) by extensions ['colcon_pkg']
[0.153s] Level 1:colcon.colcon_core.package_identification:_identify(src) by extension 'colcon_pkg'
[0.153s] Level 1:colcon.colcon_core.package_identification:_identify(src) by extensions ['colcon_meta']
[0.153s] Level 1:colcon.colcon_core.package_identification:_identify(src) by extension 'colcon_meta'
[0.153s] Level 1:colcon.colcon_core.package_identification:_identify(src) by extensions ['ros']
[0.153s] Level 1:colcon.colcon_core.package_identification:_identify(src) by extension 'ros'
[0.153s] Level 1:colcon.colcon_core.package_identification:_identify(src) by extensions ['cmake', 'python']
[0.153s] Level 1:colcon.colcon_core.package_identification:_identify(src) by extension 'cmake'
[0.153s] Level 1:colcon.colcon_core.package_identification:_identify(src) by extension 'python'
[0.153s] Level 1:colcon.colcon_core.package_identification:_identify(src) by extensions ['python_setup_py']
[0.153s] Level 1:colcon.colcon_core.package_identification:_identify(src) by extension 'python_setup_py'
[0.153s] Level 1:colcon.colcon_core.package_identification:_identify(src/demo1_cpp) by extensions ['ignore', 'ignore_ament_install']
[0.153s] Level 1:colcon.colcon_core.package_identification:_identify(src/demo1_cpp) by extension 'ignore'
[0.153s] Level 1:colcon.colcon_core.package_identification:_identify(src/demo1_cpp) by extension 'ignore_ament_install'
[0.153s] Level 1:colcon.colcon_core.package_identification:_identify(src/demo1_cpp) by extensions ['colcon_pkg']
[0.153s] Level 1:colcon.colcon_core.package_identification:_identify(src/demo1_cpp) by extension 'colcon_pkg'
[0.153s] Level 1:colcon.colcon_core.package_identification:_identify(src/demo1_cpp) by extensions ['colcon_meta']
[0.153s] Level 1:colcon.colcon_core.package_identification:_identify(src/demo1_cpp) by extension 'colcon_meta'
[0.153s] Level 1:colcon.colcon_core.package_identification:_identify(src/demo1_cpp) by extensions ['ros']
[0.153s] Level 1:colcon.colcon_core.package_identification:_identify(src/demo1_cpp) by extension 'ros'
[0.155s] DEBUG:colcon.colcon_core.package_identification:Package 'src/demo1_cpp' with type 'ros.ament_cmake' and name 'demo1_cpp'
[0.155s] Level 1:colcon.colcon_core.package_identification:_identify(src/topic_cpp) by extensions ['ignore', 'ignore_ament_install']
[0.155s] Level 1:colcon.colcon_core.package_identification:_identify(src/topic_cpp) by extension 'ignore'
[0.155s] Level 1:colcon.colcon_core.package_identification:_identify(src/topic_cpp) by extension 'ignore_ament_install'
[0.155s] Level 1:colcon.colcon_core.package_identification:_identify(src/topic_cpp) by extensions ['colcon_pkg']
[0.155s] Level 1:colcon.colcon_core.package_identification:_identify(src/topic_cpp) by extension 'colcon_pkg'
[0.155s] Level 1:colcon.colcon_core.package_identification:_identify(src/topic_cpp) by extensions ['colcon_meta']
[0.155s] Level 1:colcon.colcon_core.package_identification:_identify(src/topic_cpp) by extension 'colcon_meta'
[0.155s] Level 1:colcon.colcon_core.package_identification:_identify(src/topic_cpp) by extensions ['ros']
[0.155s] Level 1:colcon.colcon_core.package_identification:_identify(src/topic_cpp) by extension 'ros'
[0.155s] DEBUG:colcon.colcon_core.package_identification:Package 'src/topic_cpp' with type 'ros.ament_cmake' and name 'topic_cpp'
[0.155s] Level 1:colcon.colcon_core.package_discovery:discover_packages(recursive) using defaults
[0.156s] Level 1:colcon.colcon_core.package_discovery:discover_packages(ignore) discover
[0.156s] Level 1:colcon.colcon_core.package_discovery:discover_packages(ignore) using defaults
[0.156s] Level 1:colcon.colcon_core.package_discovery:discover_packages(path) discover
[0.156s] Level 1:colcon.colcon_core.package_discovery:discover_packages(path) using defaults
[0.169s] INFO:colcon.colcon_core.package_selection:Skipping not selected package 'demo1_cpp' in 'src/demo1_cpp'
[0.169s] INFO:colcon.colcon_core.package_selection:Skipping not selected package 'ros2_basis' in 'ros2_basis'
[0.170s] Level 1:colcon.colcon_core.package_discovery:discover_packages(prefix_path) check parameters
[0.170s] Level 1:colcon.colcon_core.package_discovery:discover_packages(prefix_path) discover
[0.171s] DEBUG:colcon.colcon_installed_package_information.package_discovery:Found 3 installed packages in /home/tian/ROS_ws/install
[0.172s] DEBUG:colcon.colcon_installed_package_information.package_discovery:Found 285 installed packages in /opt/ros/jazzy
[0.173s] Level 1:colcon.colcon_core.package_discovery:discover_packages(prefix_path) using defaults
[0.198s] Level 5:colcon.colcon_core.verb:set package 'topic_cpp' build argument 'cmake_args' from command line to 'None'
[0.198s] Level 5:colcon.colcon_core.verb:set package 'topic_cpp' build argument 'cmake_target' from command line to 'None'
[0.198s] Level 5:colcon.colcon_core.verb:set package 'topic_cpp' build argument 'cmake_target_skip_unavailable' from command line to 'False'
[0.198s] Level 5:colcon.colcon_core.verb:set package 'topic_cpp' build argument 'cmake_clean_cache' from command line to 'False'
[0.198s] Level 5:colcon.colcon_core.verb:set package 'topic_cpp' build argument 'cmake_clean_first' from command line to 'False'
[0.198s] Level 5:colcon.colcon_core.verb:set package 'topic_cpp' build argument 'cmake_force_configure' from command line to 'False'
[0.198s] Level 5:colcon.colcon_core.verb:set package 'topic_cpp' build argument 'ament_cmake_args' from command line to 'None'
[0.198s] Level 5:colcon.colcon_core.verb:set package 'topic_cpp' build argument 'catkin_cmake_args' from command line to 'None'
[0.198s] Level 5:colcon.colcon_core.verb:set package 'topic_cpp' build argument 'catkin_skip_building_tests' from command line to 'False'
[0.198s] DEBUG:colcon.colcon_core.verb:Building package 'topic_cpp' with the following arguments: {'ament_cmake_args': None, 'build_base': '/home/tian/ROS_ws/build/topic_cpp', 'catkin_cmake_args': None, 'catkin_skip_building_tests': False, 'cmake_args': None, 'cmake_clean_cache': False, 'cmake_clean_first': False, 'cmake_force_configure': False, 'cmake_target': None, 'cmake_target_skip_unavailable': False, 'install_base': '/home/tian/ROS_ws/install/topic_cpp', 'merge_install': False, 'path': '/home/tian/ROS_ws/src/topic_cpp', 'symlink_install': False, 'test_result_base': None}
[0.198s] INFO:colcon.colcon_core.executor:Executing jobs using 'parallel' executor
[0.199s] DEBUG:colcon.colcon_parallel_executor.executor.parallel:run_until_complete
[0.199s] INFO:colcon.colcon_ros.task.ament_cmake.build:Building ROS package in '/home/tian/ROS_ws/src/topic_cpp' with build type 'ament_cmake'
[0.199s] INFO:colcon.colcon_cmake.task.cmake.build:Building CMake package in '/home/tian/ROS_ws/src/topic_cpp'
[0.201s] INFO:colcon.colcon_core.plugin_system:Skipping extension 'colcon_core.shell.bat': Not used on non-Windows systems
[0.201s] INFO:colcon.colcon_core.shell:Skip shell extension 'powershell' for command environment: Not usable outside of PowerShell
[0.201s] DEBUG:colcon.colcon_core.shell:Skip shell extension 'dsv' for command environment
[0.209s] DEBUG:colcon.colcon_core.event_handler.log_command:Invoking command in '/home/tian/ROS_ws/build/topic_cpp': CMAKE_PREFIX_PATH=${CMAKE_PREFIX_PATH}:/opt/ros/jazzy DEBUGINFOD_URLS=https://debuginfod.ubuntu.com /usr/bin/cmake --build /home/tian/ROS_ws/build/topic_cpp -- -j16 -l16
[6.765s] DEBUG:colcon.colcon_core.event_handler.log_command:Invoked command in '/home/tian/ROS_ws/build/topic_cpp' returned '0': CMAKE_PREFIX_PATH=${CMAKE_PREFIX_PATH}:/opt/ros/jazzy DEBUGINFOD_URLS=https://debuginfod.ubuntu.com /usr/bin/cmake --build /home/tian/ROS_ws/build/topic_cpp -- -j16 -l16
[6.784s] DEBUG:colcon.colcon_core.event_handler.log_command:Invoking command in '/home/tian/ROS_ws/build/topic_cpp': CMAKE_PREFIX_PATH=${CMAKE_PREFIX_PATH}:/opt/ros/jazzy DEBUGINFOD_URLS=https://debuginfod.ubuntu.com /usr/bin/cmake --install /home/tian/ROS_ws/build/topic_cpp
[6.802s] Level 1:colcon.colcon_core.environment:create_environment_scripts_only(topic_cpp)
[6.803s] DEBUG:colcon.colcon_core.event_handler.log_command:Invoked command in '/home/tian/ROS_ws/build/topic_cpp' returned '0': CMAKE_PREFIX_PATH=${CMAKE_PREFIX_PATH}:/opt/ros/jazzy DEBUGINFOD_URLS=https://debuginfod.ubuntu.com /usr/bin/cmake --install /home/tian/ROS_ws/build/topic_cpp
[6.806s] Level 1:colcon.colcon_core.environment:checking '/home/tian/ROS_ws/install/topic_cpp' for CMake module files
[6.807s] Level 1:colcon.colcon_core.environment:checking '/home/tian/ROS_ws/install/topic_cpp' for CMake config files
[6.807s] Level 1:colcon.colcon_core.shell:create_environment_hook('topic_cpp', 'cmake_prefix_path')
[6.807s] INFO:colcon.colcon_core.shell:Creating environment hook '/home/tian/ROS_ws/install/topic_cpp/share/topic_cpp/hook/cmake_prefix_path.ps1'
[6.808s] INFO:colcon.colcon_core.shell:Creating environment descriptor '/home/tian/ROS_ws/install/topic_cpp/share/topic_cpp/hook/cmake_prefix_path.dsv'
[6.808s] INFO:colcon.colcon_core.shell:Creating environment hook '/home/tian/ROS_ws/install/topic_cpp/share/topic_cpp/hook/cmake_prefix_path.sh'
[6.809s] Level 1:colcon.colcon_core.environment:checking '/home/tian/ROS_ws/install/topic_cpp/lib'
[6.809s] Level 1:colcon.colcon_core.environment:checking '/home/tian/ROS_ws/install/topic_cpp/bin'
[6.809s] Level 1:colcon.colcon_core.environment:checking '/home/tian/ROS_ws/install/topic_cpp/lib/pkgconfig/topic_cpp.pc'
[6.809s] Level 1:colcon.colcon_core.environment:checking '/home/tian/ROS_ws/install/topic_cpp/lib/python3.12/site-packages'
[6.810s] Level 1:colcon.colcon_core.environment:checking '/home/tian/ROS_ws/install/topic_cpp/bin'
[6.810s] INFO:colcon.colcon_core.shell:Creating package script '/home/tian/ROS_ws/install/topic_cpp/share/topic_cpp/package.ps1'
[6.810s] INFO:colcon.colcon_core.shell:Creating package descriptor '/home/tian/ROS_ws/install/topic_cpp/share/topic_cpp/package.dsv'
[6.811s] INFO:colcon.colcon_core.shell:Creating package script '/home/tian/ROS_ws/install/topic_cpp/share/topic_cpp/package.sh'
[6.811s] INFO:colcon.colcon_core.shell:Creating package script '/home/tian/ROS_ws/install/topic_cpp/share/topic_cpp/package.bash'
[6.812s] INFO:colcon.colcon_core.shell:Creating package script '/home/tian/ROS_ws/install/topic_cpp/share/topic_cpp/package.zsh'
[6.812s] Level 1:colcon.colcon_core.environment:create_file_with_runtime_dependencies(/home/tian/ROS_ws/install/topic_cpp/share/colcon-core/packages/topic_cpp)
[6.813s] Level 1:colcon.colcon_core.environment:create_environment_scripts_only(topic_cpp)
[6.813s] Level 1:colcon.colcon_core.environment:checking '/home/tian/ROS_ws/install/topic_cpp' for CMake module files
[6.814s] Level 1:colcon.colcon_core.environment:checking '/home/tian/ROS_ws/install/topic_cpp' for CMake config files
[6.814s] Level 1:colcon.colcon_core.shell:create_environment_hook('topic_cpp', 'cmake_prefix_path')
[6.814s] INFO:colcon.colcon_core.shell:Creating environment hook '/home/tian/ROS_ws/install/topic_cpp/share/topic_cpp/hook/cmake_prefix_path.ps1'
[6.814s] INFO:colcon.colcon_core.shell:Creating environment descriptor '/home/tian/ROS_ws/install/topic_cpp/share/topic_cpp/hook/cmake_prefix_path.dsv'
[6.815s] INFO:colcon.colcon_core.shell:Creating environment hook '/home/tian/ROS_ws/install/topic_cpp/share/topic_cpp/hook/cmake_prefix_path.sh'
[6.815s] Level 1:colcon.colcon_core.environment:checking '/home/tian/ROS_ws/install/topic_cpp/lib'
[6.815s] Level 1:colcon.colcon_core.environment:checking '/home/tian/ROS_ws/install/topic_cpp/bin'
[6.815s] Level 1:colcon.colcon_core.environment:checking '/home/tian/ROS_ws/install/topic_cpp/lib/pkgconfig/topic_cpp.pc'
[6.816s] Level 1:colcon.colcon_core.environment:checking '/home/tian/ROS_ws/install/topic_cpp/lib/python3.12/site-packages'
[6.816s] Level 1:colcon.colcon_core.environment:checking '/home/tian/ROS_ws/install/topic_cpp/bin'
[6.816s] INFO:colcon.colcon_core.shell:Creating package script '/home/tian/ROS_ws/install/topic_cpp/share/topic_cpp/package.ps1'
[6.816s] INFO:colcon.colcon_core.shell:Creating package descriptor '/home/tian/ROS_ws/install/topic_cpp/share/topic_cpp/package.dsv'
[6.817s] INFO:colcon.colcon_core.shell:Creating package script '/home/tian/ROS_ws/install/topic_cpp/share/topic_cpp/package.sh'
[6.817s] INFO:colcon.colcon_core.shell:Creating package script '/home/tian/ROS_ws/install/topic_cpp/share/topic_cpp/package.bash'
[6.817s] INFO:colcon.colcon_core.shell:Creating package script '/home/tian/ROS_ws/install/topic_cpp/share/topic_cpp/package.zsh'
[6.818s] Level 1:colcon.colcon_core.environment:create_file_with_runtime_dependencies(/home/tian/ROS_ws/install/topic_cpp/share/colcon-core/packages/topic_cpp)
[6.818s] DEBUG:colcon.colcon_parallel_executor.executor.parallel:closing loop
[6.819s] DEBUG:colcon.colcon_parallel_executor.executor.parallel:loop closed
[6.819s] DEBUG:colcon.colcon_parallel_executor.executor.parallel:run_until_complete finished with '0'
[6.819s] DEBUG:colcon.colcon_core.event_reactor:joining thread
[6.828s] INFO:colcon.colcon_core.plugin_system:Skipping extension 'colcon_notification.desktop_notification.terminal_notifier': Not used on non-Darwin systems
[6.828s] INFO:colcon.colcon_core.plugin_system:Skipping extension 'colcon_notification.desktop_notification.win32': Not used on non-Windows systems
[6.828s] INFO:colcon.colcon_notification.desktop_notification:Sending desktop notification using 'notify2'
[6.844s] DEBUG:colcon.colcon_core.event_reactor:joined thread
[6.844s] INFO:colcon.colcon_core.shell:Creating prefix script '/home/tian/ROS_ws/install/local_setup.ps1'
[6.845s] INFO:colcon.colcon_core.shell:Creating prefix util module '/home/tian/ROS_ws/install/_local_setup_util_ps1.py'
[6.846s] INFO:colcon.colcon_core.shell:Creating prefix chain script '/home/tian/ROS_ws/install/setup.ps1'
[6.846s] INFO:colcon.colcon_core.shell:Creating prefix script '/home/tian/ROS_ws/install/local_setup.sh'
[6.847s] INFO:colcon.colcon_core.shell:Creating prefix util module '/home/tian/ROS_ws/install/_local_setup_util_sh.py'
[6.847s] INFO:colcon.colcon_core.shell:Creating prefix chain script '/home/tian/ROS_ws/install/setup.sh'
[6.848s] INFO:colcon.colcon_core.shell:Creating prefix script '/home/tian/ROS_ws/install/local_setup.bash'
[6.848s] INFO:colcon.colcon_core.shell:Creating prefix chain script '/home/tian/ROS_ws/install/setup.bash'
[6.849s] INFO:colcon.colcon_core.shell:Creating prefix script '/home/tian/ROS_ws/install/local_setup.zsh'
[6.849s] INFO:colcon.colcon_core.shell:Creating prefix chain script '/home/tian/ROS_ws/install/setup.zsh'
